<?xml version="1.0" encoding="UTF-8"?>
<testsuite name="parterA.AppTest" tests="1" skipped="0" failures="0" errors="0" timestamp="2023-10-06T14:35:02" hostname="DESKTOP-5BUUNG3" time="0.009">
  <properties/>
  <testcase name="appHasAGreeting()" classname="parterA.AppTest" time="0.009"/>
  <system-out><![CDATA[]]></system-out>
  <system-err><![CDATA[]]></system-err>
</testsuite>
